<?xml version="1.0" encoding="UTF-8"?>
<testng-results ignored="0" total="2" passed="2" failed="0" skipped="0">
  <reporter-output>
  </reporter-output>
  <suite started-at="2022-09-26T23:23:28 GMT+01:00" name="Suite" finished-at="2022-09-26T23:23:34 GMT+01:00" duration-ms="5539">
    <groups>
      <group name="cucumber">
        <method signature="AbstractTestNGCucumberTests.runScenario(io.cucumber.testng.PickleWrapper,io.cucumber.testng.FeatureWrapper)[pri:0, instance:Runner.Runner@57ad2aa7]" name="runScenario" class="io.cucumber.testng.AbstractTestNGCucumberTests"/>
      </group> <!-- cucumber -->
    </groups>
    <test started-at="2022-09-26T23:23:28 GMT+01:00" name="Test" finished-at="2022-09-26T23:23:34 GMT+01:00" duration-ms="5539">
      <class name="Runner.Runner">
        <test-method is-config="true" signature="setUpClass(org.testng.ITestContext)[pri:0, instance:Runner.Runner@57ad2aa7]" started-at="2022-09-26T23:23:28 GMT+01:00" name="setUpClass" finished-at="2022-09-26T23:23:29 GMT+01:00" duration-ms="348" status="PASS">
          <params>
            <param index="0">
              <value>
                <![CDATA[org.testng.TestRunner@372954e1]]>
              </value>
            </param>
          </params>
          <reporter-output>
          </reporter-output>
        </test-method> <!-- setUpClass -->
        <test-method signature="runScenario(io.cucumber.testng.PickleWrapper,io.cucumber.testng.FeatureWrapper)[pri:0, instance:Runner.Runner@57ad2aa7]" started-at="2022-09-26T23:23:29 GMT+01:00" name="runScenario" description="Runs Cucumber Scenarios" data-provider="scenarios" finished-at="2022-09-26T23:23:33 GMT+01:00" duration-ms="4190" status="PASS">
          <params>
            <param index="0">
              <value>
                <![CDATA["Get all the users"]]>
              </value>
            </param>
            <param index="1">
              <value>
                <![CDATA["Dummy API Test"]]>
              </value>
            </param>
          </params>
          <reporter-output>
          </reporter-output>
        </test-method> <!-- runScenario -->
        <test-method signature="runScenario(io.cucumber.testng.PickleWrapper,io.cucumber.testng.FeatureWrapper)[pri:0, instance:Runner.Runner@57ad2aa7]" started-at="2022-09-26T23:23:33 GMT+01:00" name="runScenario" description="Runs Cucumber Scenarios" data-provider="scenarios" finished-at="2022-09-26T23:23:34 GMT+01:00" duration-ms="815" status="PASS">
          <params>
            <param index="0">
              <value>
                <![CDATA["Post new record in database"]]>
              </value>
            </param>
            <param index="1">
              <value>
                <![CDATA["Dummy API Test"]]>
              </value>
            </param>
          </params>
          <reporter-output>
          </reporter-output>
        </test-method> <!-- runScenario -->
        <test-method is-config="true" signature="tearDownClass()[pri:0, instance:Runner.Runner@57ad2aa7]" started-at="2022-09-26T23:23:34 GMT+01:00" name="tearDownClass" finished-at="2022-09-26T23:23:34 GMT+01:00" duration-ms="16" status="PASS">
          <reporter-output>
          </reporter-output>
        </test-method> <!-- tearDownClass -->
      </class> <!-- Runner.Runner -->
    </test> <!-- Test -->
  </suite> <!-- Suite -->
</testng-results>
