<?xml version="1.0" encoding="UTF-8"?>
<testng-results ignored="0" total="1" passed="1" failed="0" skipped="0">
  <reporter-output>
  </reporter-output>
  <suite started-at="2023-09-23T15:54:42 GMT+01:00" name="Suite" finished-at="2023-09-23T15:54:57 GMT+01:00" duration-ms="14275">
    <groups>
      <group name="cucumber">
        <method signature="AbstractTestNGCucumberTests.runScenario(io.cucumber.testng.PickleWrapper,io.cucumber.testng.FeatureWrapper)[pri:0, instance:Runner.Runner@1b8a29df]" name="runScenario" class="io.cucumber.testng.AbstractTestNGCucumberTests"/>
      </group> <!-- cucumber -->
    </groups>
    <test started-at="2023-09-23T15:54:42 GMT+01:00" name="Test" finished-at="2023-09-23T15:54:57 GMT+01:00" duration-ms="14275">
      <class name="Runner.Runner">
        <test-method is-config="true" signature="setUpClass(org.testng.ITestContext)[pri:0, instance:Runner.Runner@1b8a29df]" started-at="2023-09-23T15:54:43 GMT+01:00" name="setUpClass" finished-at="2023-09-23T15:54:43 GMT+01:00" duration-ms="922" status="PASS">
          <params>
            <param index="0">
              <value>
                <![CDATA[org.testng.TestRunner@2edb2f8b]]>
              </value>
            </param>
          </params>
          <reporter-output>
          </reporter-output>
        </test-method> <!-- setUpClass -->
        <test-method signature="runScenario(io.cucumber.testng.PickleWrapper,io.cucumber.testng.FeatureWrapper)[pri:0, instance:Runner.Runner@1b8a29df]" started-at="2023-09-23T15:54:43 GMT+01:00" name="runScenario" description="Runs Cucumber Scenarios" data-provider="scenarios" finished-at="2023-09-23T15:54:57 GMT+01:00" duration-ms="13186" status="PASS">
          <params>
            <param index="0">
              <value>
                <![CDATA["Get all the users"]]>
              </value>
            </param>
            <param index="1">
              <value>
                <![CDATA["Dummy API Test"]]>
              </value>
            </param>
          </params>
          <reporter-output>
          </reporter-output>
        </test-method> <!-- runScenario -->
        <test-method is-config="true" signature="tearDownClass()[pri:0, instance:Runner.Runner@1b8a29df]" started-at="2023-09-23T15:54:57 GMT+01:00" name="tearDownClass" finished-at="2023-09-23T15:54:57 GMT+01:00" duration-ms="19" status="PASS">
          <reporter-output>
          </reporter-output>
        </test-method> <!-- tearDownClass -->
      </class> <!-- Runner.Runner -->
    </test> <!-- Test -->
  </suite> <!-- Suite -->
</testng-results>
